[GIN-debug] [WARNING] Creating an Engine instance with the Logger and Recovery middleware already attached.

[GIN-debug] [WARNING] Running in "debug" mode. Switch to "release" mode in production.
 - using env:	export GIN_MODE=release
 - using code:	gin.SetMode(gin.ReleaseMode)

[GIN-debug] POST   /login                    --> go-blog/handler.Login (3 handlers)
[GIN-debug] POST   /register                 --> go-blog/handler.Register (3 handlers)
[GIN-debug] GET    /article/list             --> go-blog/handler.ListArticles (4 handlers)
[GIN-debug] GET    /article/details          --> go-blog/handler.ArticleDetails (4 handlers)
[GIN-debug] POST   /article/create           --> go-blog/handler.CreateArticle (4 handlers)
[GIN-debug] POST   /article/publish          --> go-blog/handler.PublishArticle (4 handlers)
[GIN-debug] POST   /article/save             --> go-blog/handler.SaveArticle (4 handlers)
[GIN-debug] POST   /upload                   --> go-blog/handler.Upload (4 handlers)
[GIN-debug] GET    /category/list            --> go-blog/handler.ListCategoryAndTag (4 handlers)
[GIN-debug] [WARNING] You trusted all proxies, this is NOT safe. We recommend you to set a value.
Please check https://pkg.go.dev/github.com/gin-gonic/gin#readme-don-t-trust-all-proxies for details.
[GIN-debug] Listening and serving HTTP on :9099
[GIN] 2022/12/30 - 18:25:06 | 200 |   38.922667ms |       127.0.0.1 | GET      "/category/list"
[GIN] 2022/12/30 - 18:25:39 | 200 |    37.45725ms |       127.0.0.1 | GET      "/category/list"
[GIN-debug] [WARNING] Creating an Engine instance with the Logger and Recovery middleware already attached.

[GIN-debug] [WARNING] Running in "debug" mode. Switch to "release" mode in production.
 - using env:	export GIN_MODE=release
 - using code:	gin.SetMode(gin.ReleaseMode)

[GIN-debug] POST   /login                    --> go-blog/handler.Login (3 handlers)
[GIN-debug] POST   /register                 --> go-blog/handler.Register (3 handlers)
[GIN-debug] GET    /article/list             --> go-blog/handler.ListArticles (4 handlers)
[GIN-debug] GET    /article/details          --> go-blog/handler.ArticleDetails (4 handlers)
[GIN-debug] POST   /article/create           --> go-blog/handler.CreateArticle (4 handlers)
[GIN-debug] POST   /article/publish          --> go-blog/handler.PublishArticle (4 handlers)
[GIN-debug] POST   /article/save             --> go-blog/handler.SaveArticle (4 handlers)
[GIN-debug] POST   /upload                   --> go-blog/handler.Upload (4 handlers)
[GIN-debug] GET    /category/list            --> go-blog/handler.ListCategoryAndTag (4 handlers)
[GIN-debug] [WARNING] You trusted all proxies, this is NOT safe. We recommend you to set a value.
Please check https://pkg.go.dev/github.com/gin-gonic/gin#readme-don-t-trust-all-proxies for details.
[GIN-debug] Listening and serving HTTP on :9099
[GIN-debug] [WARNING] Creating an Engine instance with the Logger and Recovery middleware already attached.

[GIN-debug] [WARNING] Running in "debug" mode. Switch to "release" mode in production.
 - using env:	export GIN_MODE=release
 - using code:	gin.SetMode(gin.ReleaseMode)

[GIN-debug] POST   /login                    --> go-blog/handler.Login (3 handlers)
[GIN-debug] POST   /register                 --> go-blog/handler.Register (3 handlers)
[GIN-debug] GET    /article/list             --> go-blog/handler.ListArticles (4 handlers)
[GIN-debug] GET    /article/details          --> go-blog/handler.ArticleDetails (4 handlers)
[GIN-debug] POST   /article/create           --> go-blog/handler.CreateArticle (4 handlers)
[GIN-debug] POST   /article/publish          --> go-blog/handler.PublishArticle (4 handlers)
[GIN-debug] POST   /article/save             --> go-blog/handler.SaveArticle (4 handlers)
[GIN-debug] POST   /upload                   --> go-blog/handler.Upload (4 handlers)
[GIN-debug] GET    /category/list            --> go-blog/handler.ListCategoryAndTag (4 handlers)
[GIN-debug] [WARNING] You trusted all proxies, this is NOT safe. We recommend you to set a value.
Please check https://pkg.go.dev/github.com/gin-gonic/gin#readme-don-t-trust-all-proxies for details.
[GIN-debug] Listening and serving HTTP on :9099
[GIN-debug] [WARNING] Creating an Engine instance with the Logger and Recovery middleware already attached.

[GIN-debug] [WARNING] Running in "debug" mode. Switch to "release" mode in production.
 - using env:	export GIN_MODE=release
 - using code:	gin.SetMode(gin.ReleaseMode)

[GIN-debug] POST   /login                    --> go-blog/handler.Login (3 handlers)
[GIN-debug] POST   /register                 --> go-blog/handler.Register (3 handlers)
[GIN-debug] GET    /article/list             --> go-blog/handler.ListArticles (4 handlers)
[GIN-debug] GET    /article/details          --> go-blog/handler.ArticleDetails (4 handlers)
[GIN-debug] POST   /article/create           --> go-blog/handler.CreateArticle (4 handlers)
[GIN-debug] POST   /article/publish          --> go-blog/handler.PublishArticle (4 handlers)
[GIN-debug] POST   /article/save             --> go-blog/handler.SaveArticle (4 handlers)
[GIN-debug] POST   /upload                   --> go-blog/handler.Upload (4 handlers)
[GIN-debug] GET    /category/list            --> go-blog/handler.ListCategoryAndTag (4 handlers)
[GIN-debug] [WARNING] You trusted all proxies, this is NOT safe. We recommend you to set a value.
Please check https://pkg.go.dev/github.com/gin-gonic/gin#readme-don-t-trust-all-proxies for details.
[GIN-debug] Listening and serving HTTP on :9099
[GIN] 2022/12/30 - 18:29:09 | 200 |   95.132792ms |       127.0.0.1 | GET      "/category/list"
[GIN-debug] [WARNING] Creating an Engine instance with the Logger and Recovery middleware already attached.

[GIN-debug] [WARNING] Running in "debug" mode. Switch to "release" mode in production.
 - using env:	export GIN_MODE=release
 - using code:	gin.SetMode(gin.ReleaseMode)

[GIN-debug] POST   /login                    --> go-blog/handler.Login (3 handlers)
[GIN-debug] POST   /register                 --> go-blog/handler.Register (3 handlers)
[GIN-debug] GET    /article/list             --> go-blog/handler.ListArticles (4 handlers)
[GIN-debug] GET    /article/details          --> go-blog/handler.ArticleDetails (4 handlers)
[GIN-debug] POST   /article/create           --> go-blog/handler.CreateArticle (4 handlers)
[GIN-debug] POST   /article/publish          --> go-blog/handler.PublishArticle (4 handlers)
[GIN-debug] POST   /article/save             --> go-blog/handler.SaveArticle (4 handlers)
[GIN-debug] POST   /upload                   --> go-blog/handler.Upload (4 handlers)
[GIN-debug] GET    /category/list            --> go-blog/handler.ListCategoryAndTag (4 handlers)
[GIN-debug] [WARNING] You trusted all proxies, this is NOT safe. We recommend you to set a value.
Please check https://pkg.go.dev/github.com/gin-gonic/gin#readme-don-t-trust-all-proxies for details.
[GIN-debug] Listening and serving HTTP on :9099
[GIN] 2022/12/30 - 18:30:12 | 200 |  362.412084ms |       127.0.0.1 | GET      "/category/list"
[GIN-debug] [WARNING] Creating an Engine instance with the Logger and Recovery middleware already attached.

[GIN-debug] [WARNING] Running in "debug" mode. Switch to "release" mode in production.
 - using env:	export GIN_MODE=release
 - using code:	gin.SetMode(gin.ReleaseMode)

[GIN-debug] POST   /login                    --> go-blog/handler.Login (3 handlers)
[GIN-debug] POST   /register                 --> go-blog/handler.Register (3 handlers)
[GIN-debug] GET    /article/list             --> go-blog/handler.ListArticles (4 handlers)
[GIN-debug] GET    /article/details          --> go-blog/handler.ArticleDetails (4 handlers)
[GIN-debug] POST   /article/create           --> go-blog/handler.CreateArticle (4 handlers)
[GIN-debug] POST   /article/publish          --> go-blog/handler.PublishArticle (4 handlers)
[GIN-debug] POST   /article/save             --> go-blog/handler.SaveArticle (4 handlers)
[GIN-debug] POST   /upload                   --> go-blog/handler.Upload (4 handlers)
[GIN-debug] GET    /category/list            --> go-blog/handler.ListCategoryAndTag (4 handlers)
[GIN-debug] [WARNING] You trusted all proxies, this is NOT safe. We recommend you to set a value.
Please check https://pkg.go.dev/github.com/gin-gonic/gin#readme-don-t-trust-all-proxies for details.
[GIN-debug] Listening and serving HTTP on :9099
[GIN] 2022/12/30 - 18:31:33 | 200 |  125.879833ms |       127.0.0.1 | GET      "/category/list"
[GIN-debug] [WARNING] Creating an Engine instance with the Logger and Recovery middleware already attached.

[GIN-debug] [WARNING] Running in "debug" mode. Switch to "release" mode in production.
 - using env:	export GIN_MODE=release
 - using code:	gin.SetMode(gin.ReleaseMode)

[GIN-debug] POST   /login                    --> go-blog/handler.Login (3 handlers)
[GIN-debug] POST   /register                 --> go-blog/handler.Register (3 handlers)
[GIN-debug] GET    /article/list             --> go-blog/handler.ListArticles (4 handlers)
[GIN-debug] GET    /article/details          --> go-blog/handler.ArticleDetails (4 handlers)
[GIN-debug] POST   /article/create           --> go-blog/handler.CreateArticle (4 handlers)
[GIN-debug] POST   /article/publish          --> go-blog/handler.PublishArticle (4 handlers)
[GIN-debug] POST   /article/save             --> go-blog/handler.SaveArticle (4 handlers)
[GIN-debug] POST   /upload                   --> go-blog/handler.Upload (4 handlers)
[GIN-debug] GET    /category/list            --> go-blog/handler.ListCategoryAndTag (4 handlers)
[GIN-debug] [WARNING] You trusted all proxies, this is NOT safe. We recommend you to set a value.
Please check https://pkg.go.dev/github.com/gin-gonic/gin#readme-don-t-trust-all-proxies for details.
[GIN-debug] Listening and serving HTTP on :9099
[GIN] 2022/12/30 - 18:32:21 | 200 |  285.437542ms |       127.0.0.1 | GET      "/category/list"
[GIN-debug] [WARNING] Creating an Engine instance with the Logger and Recovery middleware already attached.

[GIN-debug] [WARNING] Running in "debug" mode. Switch to "release" mode in production.
 - using env:	export GIN_MODE=release
 - using code:	gin.SetMode(gin.ReleaseMode)

[GIN-debug] POST   /login                    --> go-blog/handler.Login (3 handlers)
[GIN-debug] POST   /register                 --> go-blog/handler.Register (3 handlers)
[GIN-debug] GET    /article/list             --> go-blog/handler.ListArticles (4 handlers)
[GIN-debug] GET    /article/details          --> go-blog/handler.ArticleDetails (4 handlers)
[GIN-debug] POST   /article/create           --> go-blog/handler.CreateArticle (4 handlers)
[GIN-debug] POST   /article/publish          --> go-blog/handler.PublishArticle (4 handlers)
[GIN-debug] POST   /article/save             --> go-blog/handler.SaveArticle (4 handlers)
[GIN-debug] POST   /upload                   --> go-blog/handler.Upload (4 handlers)
[GIN-debug] GET    /category/list            --> go-blog/handler.ListCategoryAndTag (4 handlers)
[GIN-debug] [WARNING] You trusted all proxies, this is NOT safe. We recommend you to set a value.
Please check https://pkg.go.dev/github.com/gin-gonic/gin#readme-don-t-trust-all-proxies for details.
[GIN-debug] Listening and serving HTTP on :9099
[GIN] 2022/12/30 - 22:16:54 | 200 |   43.233916ms |       127.0.0.1 | GET      "/category/list"
[GIN-debug] [WARNING] Creating an Engine instance with the Logger and Recovery middleware already attached.

[GIN-debug] [WARNING] Running in "debug" mode. Switch to "release" mode in production.
 - using env:	export GIN_MODE=release
 - using code:	gin.SetMode(gin.ReleaseMode)

[GIN-debug] POST   /login                    --> go-blog/handler.Login (3 handlers)
[GIN-debug] POST   /register                 --> go-blog/handler.Register (3 handlers)
[GIN-debug] GET    /article/list             --> go-blog/handler.ListArticles (4 handlers)
[GIN-debug] GET    /article/details          --> go-blog/handler.ArticleDetails (4 handlers)
[GIN-debug] POST   /article/create           --> go-blog/handler.CreateArticle (4 handlers)
[GIN-debug] POST   /article/publish          --> go-blog/handler.PublishArticle (4 handlers)
[GIN-debug] POST   /article/save             --> go-blog/handler.SaveArticle (4 handlers)
[GIN-debug] POST   /upload                   --> go-blog/handler.Upload (4 handlers)
[GIN-debug] GET    /category/list            --> go-blog/handler.ListCategoryAndTag (4 handlers)
[GIN-debug] [WARNING] You trusted all proxies, this is NOT safe. We recommend you to set a value.
Please check https://pkg.go.dev/github.com/gin-gonic/gin#readme-don-t-trust-all-proxies for details.
[GIN-debug] Listening and serving HTTP on :9099
[GIN] 2022/12/30 - 22:18:35 | 200 |   40.061708ms |       127.0.0.1 | GET      "/category/list"
